<?xml version="1.0" encoding="UTF-8"?>
<testng-results ignored="1" total="11" passed="9" failed="1" skipped="0">
  <reporter-output>
  </reporter-output>
  <suite started-at="2020-05-03T20:15:22Z" name="Default suite" finished-at="2020-05-03T20:15:51Z" duration-ms="28758">
    <groups>
    </groups>
    <test started-at="2020-05-03T20:15:22Z" name="Default test" finished-at="2020-05-03T20:15:51Z" duration-ms="28758">
      <class name="com.neulogic.sendit.MyApiControllerTest">
        <test-method is-config="true" signature="springTestContextBeforeTestClass()[pri:0, instance:com.neulogic.sendit.MyApiControllerTest@60129b9a]" started-at="2020-05-03T21:15:22Z" name="springTestContextBeforeTestClass" finished-at="2020-05-03T21:15:22Z" duration-ms="24" status="PASS">
          <reporter-output>
          </reporter-output>
        </test-method> <!-- springTestContextBeforeTestClass -->
        <test-method is-config="true" signature="springTestContextPrepareTestInstance()[pri:0, instance:com.neulogic.sendit.MyApiControllerTest@60129b9a]" started-at="2020-05-03T21:15:22Z" name="springTestContextPrepareTestInstance" finished-at="2020-05-03T21:15:42Z" depends-on-methods="org.springframework.test.context.testng.AbstractTestNGSpringContextTests.springTestContextBeforeTestClass" duration-ms="19535" status="PASS">
          <reporter-output>
          </reporter-output>
        </test-method> <!-- springTestContextPrepareTestInstance -->
        <test-method is-config="true" signature="authorization()[pri:0, instance:com.neulogic.sendit.MyApiControllerTest@60129b9a]" started-at="2020-05-03T21:15:42Z" name="authorization" finished-at="2020-05-03T21:15:49Z" duration-ms="7396" status="PASS">
          <reporter-output>
          </reporter-output>
        </test-method> <!-- authorization -->
        <test-method is-config="true" signature="springTestContextBeforeTestMethod(java.lang.reflect.Method)[pri:0, instance:com.neulogic.sendit.MyApiControllerTest@60129b9a]" started-at="2020-05-03T21:15:49Z" name="springTestContextBeforeTestMethod" finished-at="2020-05-03T21:15:49Z" duration-ms="4" status="PASS">
          <params>
            <param index="0">
              <value>
                <![CDATA[public void com.neulogic.sendit.MyApiControllerTest.postParcelTest()]]>
              </value>
            </param>
          </params>
          <reporter-output>
          </reporter-output>
        </test-method> <!-- springTestContextBeforeTestMethod -->
        <test-method signature="postParcelTest()[pri:0, instance:com.neulogic.sendit.MyApiControllerTest@60129b9a]" started-at="2020-05-03T21:15:49Z" name="postParcelTest" finished-at="2020-05-03T21:15:49Z" duration-ms="350" status="PASS">
          <reporter-output>
          </reporter-output>
        </test-method> <!-- postParcelTest -->
        <test-method is-config="true" signature="springTestContextAfterTestMethod(java.lang.reflect.Method)[pri:0, instance:com.neulogic.sendit.MyApiControllerTest@60129b9a]" started-at="2020-05-03T21:15:49Z" name="springTestContextAfterTestMethod" finished-at="2020-05-03T21:15:49Z" duration-ms="7" status="PASS">
          <params>
            <param index="0">
              <value>
                <![CDATA[public void com.neulogic.sendit.MyApiControllerTest.postParcelTest()]]>
              </value>
            </param>
          </params>
          <reporter-output>
          </reporter-output>
        </test-method> <!-- springTestContextAfterTestMethod -->
        <test-method is-config="true" signature="springTestContextBeforeTestMethod(java.lang.reflect.Method)[pri:0, instance:com.neulogic.sendit.MyApiControllerTest@60129b9a]" started-at="2020-05-03T21:15:49Z" name="springTestContextBeforeTestMethod" finished-at="2020-05-03T21:15:49Z" duration-ms="1" status="PASS">
          <params>
            <param index="0">
              <value>
                <![CDATA[public void com.neulogic.sendit.MyApiControllerTest.getParcelByIdTest()]]>
              </value>
            </param>
          </params>
          <reporter-output>
          </reporter-output>
        </test-method> <!-- springTestContextBeforeTestMethod -->
        <test-method signature="getParcelByIdTest()[pri:1, instance:com.neulogic.sendit.MyApiControllerTest@60129b9a]" started-at="2020-05-03T21:15:49Z" name="getParcelByIdTest" finished-at="2020-05-03T21:15:50Z" duration-ms="257" status="PASS">
          <reporter-output>
          </reporter-output>
        </test-method> <!-- getParcelByIdTest -->
        <test-method is-config="true" signature="springTestContextAfterTestMethod(java.lang.reflect.Method)[pri:0, instance:com.neulogic.sendit.MyApiControllerTest@60129b9a]" started-at="2020-05-03T21:15:50Z" name="springTestContextAfterTestMethod" finished-at="2020-05-03T21:15:50Z" duration-ms="0" status="PASS">
          <params>
            <param index="0">
              <value>
                <![CDATA[public void com.neulogic.sendit.MyApiControllerTest.getParcelByIdTest()]]>
              </value>
            </param>
          </params>
          <reporter-output>
          </reporter-output>
        </test-method> <!-- springTestContextAfterTestMethod -->
        <test-method signature="getAllParcelOrders_andItShould_returnAnArray_ofParcelsTest()[pri:2, instance:com.neulogic.sendit.MyApiControllerTest@60129b9a]" started-at="2020-05-03T21:15:50Z" name="getAllParcelOrders_andItShould_returnAnArray_ofParcelsTest" finished-at="2020-05-03T21:15:50Z" duration-ms="128" status="PASS">
          <reporter-output>
          </reporter-output>
        </test-method> <!-- getAllParcelOrders_andItShould_returnAnArray_ofParcelsTest -->
        <test-method is-config="true" signature="springTestContextBeforeTestMethod(java.lang.reflect.Method)[pri:0, instance:com.neulogic.sendit.MyApiControllerTest@60129b9a]" started-at="2020-05-03T21:15:50Z" name="springTestContextBeforeTestMethod" finished-at="2020-05-03T21:15:50Z" duration-ms="0" status="PASS">
          <params>
            <param index="0">
              <value>
                <![CDATA[public void com.neulogic.sendit.MyApiControllerTest.getAllParcelOrders_andItShould_returnAnArray_ofParcelsTest()]]>
              </value>
            </param>
          </params>
          <reporter-output>
          </reporter-output>
        </test-method> <!-- springTestContextBeforeTestMethod -->
        <test-method is-config="true" signature="springTestContextAfterTestMethod(java.lang.reflect.Method)[pri:0, instance:com.neulogic.sendit.MyApiControllerTest@60129b9a]" started-at="2020-05-03T21:15:50Z" name="springTestContextAfterTestMethod" finished-at="2020-05-03T21:15:50Z" duration-ms="1" status="PASS">
          <params>
            <param index="0">
              <value>
                <![CDATA[public void com.neulogic.sendit.MyApiControllerTest.getAllParcelOrders_andItShould_returnAnArray_ofParcelsTest()]]>
              </value>
            </param>
          </params>
          <reporter-output>
          </reporter-output>
        </test-method> <!-- springTestContextAfterTestMethod -->
        <test-method is-config="true" signature="springTestContextBeforeTestMethod(java.lang.reflect.Method)[pri:0, instance:com.neulogic.sendit.MyApiControllerTest@60129b9a]" started-at="2020-05-03T21:15:50Z" name="springTestContextBeforeTestMethod" finished-at="2020-05-03T21:15:50Z" duration-ms="0" status="PASS">
          <params>
            <param index="0">
              <value>
                <![CDATA[public void com.neulogic.sendit.MyApiControllerTest.getParcelOrdersBy_A_SpecificUser()]]>
              </value>
            </param>
          </params>
          <reporter-output>
          </reporter-output>
        </test-method> <!-- springTestContextBeforeTestMethod -->
        <test-method signature="getParcelOrdersBy_A_SpecificUser()[pri:3, instance:com.neulogic.sendit.MyApiControllerTest@60129b9a]" started-at="2020-05-03T21:15:50Z" name="getParcelOrdersBy_A_SpecificUser" finished-at="2020-05-03T21:15:50Z" duration-ms="259" status="PASS">
          <reporter-output>
          </reporter-output>
        </test-method> <!-- getParcelOrdersBy_A_SpecificUser -->
        <test-method is-config="true" signature="springTestContextAfterTestMethod(java.lang.reflect.Method)[pri:0, instance:com.neulogic.sendit.MyApiControllerTest@60129b9a]" started-at="2020-05-03T21:15:50Z" name="springTestContextAfterTestMethod" finished-at="2020-05-03T21:15:50Z" duration-ms="1" status="PASS">
          <params>
            <param index="0">
              <value>
                <![CDATA[public void com.neulogic.sendit.MyApiControllerTest.getParcelOrdersBy_A_SpecificUser()]]>
              </value>
            </param>
          </params>
          <reporter-output>
          </reporter-output>
        </test-method> <!-- springTestContextAfterTestMethod -->
        <test-method is-config="true" signature="springTestContextBeforeTestMethod(java.lang.reflect.Method)[pri:0, instance:com.neulogic.sendit.MyApiControllerTest@60129b9a]" started-at="2020-05-03T21:15:50Z" name="springTestContextBeforeTestMethod" finished-at="2020-05-03T21:15:50Z" duration-ms="1" status="PASS">
          <params>
            <param index="0">
              <value>
                <![CDATA[public void com.neulogic.sendit.MyApiControllerTest.changeParcelStatusTest()]]>
              </value>
            </param>
          </params>
          <reporter-output>
          </reporter-output>
        </test-method> <!-- springTestContextBeforeTestMethod -->
        <test-method signature="changeParcelStatusTest()[pri:4, instance:com.neulogic.sendit.MyApiControllerTest@60129b9a]" started-at="2020-05-03T21:15:50Z" name="changeParcelStatusTest" finished-at="2020-05-03T21:15:50Z" duration-ms="148" status="FAIL">
          <exception class="java.lang.AssertionError">
            <message>
              <![CDATA[1 expectation failed.
Expected status code <200> but was <400>.
]]>
            </message>
            <full-stacktrace>
              <![CDATA[java.lang.AssertionError: 1 expectation failed.
Expected status code <200> but was <400>.

	at java.base/jdk.internal.reflect.NativeConstructorAccessorImpl.newInstance0(Native Method)
	at java.base/jdk.internal.reflect.NativeConstructorAccessorImpl.newInstance(NativeConstructorAccessorImpl.java:62)
	at java.base/jdk.internal.reflect.DelegatingConstructorAccessorImpl.newInstance(DelegatingConstructorAccessorImpl.java:45)
	at java.base/java.lang.reflect.Constructor.newInstanceWithCaller(Constructor.java:500)
	at java.base/java.lang.reflect.Constructor.newInstance(Constructor.java:481)
	at org.codehaus.groovy.reflection.CachedConstructor.invoke(CachedConstructor.java:80)
	at org.codehaus.groovy.reflection.CachedConstructor.doConstructorInvoke(CachedConstructor.java:74)
	at org.codehaus.groovy.runtime.callsite.ConstructorSite$ConstructorSiteNoUnwrap.callConstructor(ConstructorSite.java:84)
	at org.codehaus.groovy.runtime.callsite.CallSiteArray.defaultCallConstructor(CallSiteArray.java:59)
	at org.codehaus.groovy.runtime.callsite.AbstractCallSite.callConstructor(AbstractCallSite.java:237)
	at org.codehaus.groovy.runtime.callsite.AbstractCallSite.callConstructor(AbstractCallSite.java:249)
	at io.restassured.internal.ResponseSpecificationImpl$HamcrestAssertionClosure.validate(ResponseSpecificationImpl.groovy:493)
	at io.restassured.internal.ResponseSpecificationImpl$HamcrestAssertionClosure$validate$1.call(Unknown Source)
	at io.restassured.internal.ResponseSpecificationImpl.validateResponseIfRequired(ResponseSpecificationImpl.groovy:674)
	at jdk.internal.reflect.GeneratedMethodAccessor156.invoke(Unknown Source)
	at java.base/jdk.internal.reflect.DelegatingMethodAccessorImpl.invoke(DelegatingMethodAccessorImpl.java:43)
	at java.base/java.lang.reflect.Method.invoke(Method.java:567)
	at org.codehaus.groovy.runtime.callsite.PlainObjectMetaMethodSite.doInvoke(PlainObjectMetaMethodSite.java:43)
	at org.codehaus.groovy.runtime.callsite.PogoMetaMethodSite$PogoCachedMethodSiteNoUnwrapNoCoerce.invoke(PogoMetaMethodSite.java:190)
	at org.codehaus.groovy.runtime.callsite.PogoMetaMethodSite.callCurrent(PogoMetaMethodSite.java:58)
	at org.codehaus.groovy.runtime.callsite.AbstractCallSite.callCurrent(AbstractCallSite.java:168)
	at io.restassured.internal.ResponseSpecificationImpl.statusCode(ResponseSpecificationImpl.groovy:126)
	at io.restassured.specification.ResponseSpecification$statusCode$0.callCurrent(Unknown Source)
	at io.restassured.internal.ResponseSpecificationImpl.statusCode(ResponseSpecificationImpl.groovy:134)
	at io.restassured.internal.ValidatableResponseOptionsImpl.statusCode(ValidatableResponseOptionsImpl.java:89)
	at io.restassured.internal.ValidatableResponseImpl.super$2$statusCode(ValidatableResponseImpl.groovy)
	at java.base/jdk.internal.reflect.NativeMethodAccessorImpl.invoke0(Native Method)
	at java.base/jdk.internal.reflect.NativeMethodAccessorImpl.invoke(NativeMethodAccessorImpl.java:62)
	at java.base/jdk.internal.reflect.DelegatingMethodAccessorImpl.invoke(DelegatingMethodAccessorImpl.java:43)
	at java.base/java.lang.reflect.Method.invoke(Method.java:567)
	at org.codehaus.groovy.reflection.CachedMethod.invoke(CachedMethod.java:101)
	at groovy.lang.MetaMethod.doMethodInvoke(MetaMethod.java:323)
	at groovy.lang.MetaClassImpl.invokeMethod(MetaClassImpl.java:1217)
	at org.codehaus.groovy.runtime.ScriptBytecodeAdapter.invokeMethodOnSuperN(ScriptBytecodeAdapter.java:144)
	at io.restassured.internal.ValidatableResponseImpl.statusCode(ValidatableResponseImpl.groovy:142)
	at io.restassured.internal.ValidatableResponseImpl.statusCode(ValidatableResponseImpl.groovy)
	at com.neulogic.sendit.MyApiControllerTest.changeParcelStatusTest(MyApiControllerTest.java:232)
	at java.base/jdk.internal.reflect.NativeMethodAccessorImpl.invoke0(Native Method)
	at java.base/jdk.internal.reflect.NativeMethodAccessorImpl.invoke(NativeMethodAccessorImpl.java:62)
	at java.base/jdk.internal.reflect.DelegatingMethodAccessorImpl.invoke(DelegatingMethodAccessorImpl.java:43)
	at java.base/java.lang.reflect.Method.invoke(Method.java:567)
	at org.testng.internal.MethodInvocationHelper.invokeMethod(MethodInvocationHelper.java:104)
	at org.testng.internal.MethodInvocationHelper$1.runTestMethod(MethodInvocationHelper.java:205)
	at org.springframework.test.context.testng.AbstractTestNGSpringContextTests.run(AbstractTestNGSpringContextTests.java:181)
	at org.testng.internal.MethodInvocationHelper.invokeHookable(MethodInvocationHelper.java:217)
	at org.testng.internal.Invoker.invokeMethod(Invoker.java:641)
	at org.testng.internal.Invoker.invokeTestMethod(Invoker.java:851)
	at org.testng.internal.Invoker.invokeTestMethods(Invoker.java:1177)
	at org.testng.internal.TestMethodWorker.invokeTestMethods(TestMethodWorker.java:129)
	at org.testng.internal.TestMethodWorker.run(TestMethodWorker.java:112)
	at org.testng.TestRunner.privateRun(TestRunner.java:756)
	at org.testng.TestRunner.run(TestRunner.java:610)
	at org.testng.SuiteRunner.runTest(SuiteRunner.java:387)
	at org.testng.SuiteRunner.runSequentially(SuiteRunner.java:382)
	at org.testng.SuiteRunner.privateRun(SuiteRunner.java:340)
	at org.testng.SuiteRunner.run(SuiteRunner.java:289)
	at org.testng.SuiteRunnerWorker.runSuite(SuiteRunnerWorker.java:52)
	at org.testng.SuiteRunnerWorker.run(SuiteRunnerWorker.java:86)
	at org.testng.TestNG.runSuitesSequentially(TestNG.java:1293)
	at org.testng.TestNG.runSuitesLocally(TestNG.java:1218)
	at org.testng.TestNG.runSuites(TestNG.java:1133)
	at org.testng.TestNG.run(TestNG.java:1104)
	at org.testng.remote.AbstractRemoteTestNG.run(AbstractRemoteTestNG.java:132)
	at org.testng.remote.RemoteTestNG.initAndRun(RemoteTestNG.java:236)
	at org.testng.remote.RemoteTestNG.main(RemoteTestNG.java:81)
]]>
            </full-stacktrace>
          </exception> <!-- java.lang.AssertionError -->
          <reporter-output>
          </reporter-output>
        </test-method> <!-- changeParcelStatusTest -->
        <test-method is-config="true" signature="springTestContextAfterTestMethod(java.lang.reflect.Method)[pri:0, instance:com.neulogic.sendit.MyApiControllerTest@60129b9a]" started-at="2020-05-03T21:15:50Z" name="springTestContextAfterTestMethod" finished-at="2020-05-03T21:15:50Z" duration-ms="1" status="PASS">
          <params>
            <param index="0">
              <value>
                <![CDATA[public void com.neulogic.sendit.MyApiControllerTest.changeParcelStatusTest()]]>
              </value>
            </param>
          </params>
          <reporter-output>
          </reporter-output>
        </test-method> <!-- springTestContextAfterTestMethod -->
        <test-method is-config="true" signature="springTestContextBeforeTestMethod(java.lang.reflect.Method)[pri:0, instance:com.neulogic.sendit.MyApiControllerTest@60129b9a]" started-at="2020-05-03T21:15:50Z" name="springTestContextBeforeTestMethod" finished-at="2020-05-03T21:15:50Z" duration-ms="2" status="PASS">
          <params>
            <param index="0">
              <value>
                <![CDATA[public void com.neulogic.sendit.MyApiControllerTest.cannotChangeDestinationOfParcelOrderMarked_DELIVEREDTest()]]>
              </value>
            </param>
          </params>
          <reporter-output>
          </reporter-output>
        </test-method> <!-- springTestContextBeforeTestMethod -->
        <test-method signature="cannotChangeDestinationOfParcelOrderMarked_DELIVEREDTest()[pri:6, instance:com.neulogic.sendit.MyApiControllerTest@60129b9a]" started-at="2020-05-03T21:15:50Z" name="cannotChangeDestinationOfParcelOrderMarked_DELIVEREDTest" finished-at="2020-05-03T21:15:50Z" duration-ms="119" status="PASS">
          <reporter-output>
          </reporter-output>
        </test-method> <!-- cannotChangeDestinationOfParcelOrderMarked_DELIVEREDTest -->
        <test-method is-config="true" signature="springTestContextAfterTestMethod(java.lang.reflect.Method)[pri:0, instance:com.neulogic.sendit.MyApiControllerTest@60129b9a]" started-at="2020-05-03T21:15:50Z" name="springTestContextAfterTestMethod" finished-at="2020-05-03T21:15:50Z" duration-ms="1" status="PASS">
          <params>
            <param index="0">
              <value>
                <![CDATA[public void com.neulogic.sendit.MyApiControllerTest.cannotChangeDestinationOfParcelOrderMarked_DELIVEREDTest()]]>
              </value>
            </param>
          </params>
          <reporter-output>
          </reporter-output>
        </test-method> <!-- springTestContextAfterTestMethod -->
        <test-method signature="cancelAParcelOrderTest()[pri:7, instance:com.neulogic.sendit.MyApiControllerTest@60129b9a]" started-at="2020-05-03T21:15:50Z" name="cancelAParcelOrderTest" finished-at="2020-05-03T21:15:51Z" duration-ms="124" status="PASS">
          <reporter-output>
          </reporter-output>
        </test-method> <!-- cancelAParcelOrderTest -->
        <test-method is-config="true" signature="springTestContextBeforeTestMethod(java.lang.reflect.Method)[pri:0, instance:com.neulogic.sendit.MyApiControllerTest@60129b9a]" started-at="2020-05-03T21:15:50Z" name="springTestContextBeforeTestMethod" finished-at="2020-05-03T21:15:50Z" duration-ms="0" status="PASS">
          <params>
            <param index="0">
              <value>
                <![CDATA[public void com.neulogic.sendit.MyApiControllerTest.cancelAParcelOrderTest()]]>
              </value>
            </param>
          </params>
          <reporter-output>
          </reporter-output>
        </test-method> <!-- springTestContextBeforeTestMethod -->
        <test-method is-config="true" signature="springTestContextAfterTestMethod(java.lang.reflect.Method)[pri:0, instance:com.neulogic.sendit.MyApiControllerTest@60129b9a]" started-at="2020-05-03T21:15:51Z" name="springTestContextAfterTestMethod" finished-at="2020-05-03T21:15:51Z" duration-ms="1" status="PASS">
          <params>
            <param index="0">
              <value>
                <![CDATA[public void com.neulogic.sendit.MyApiControllerTest.cancelAParcelOrderTest()]]>
              </value>
            </param>
          </params>
          <reporter-output>
          </reporter-output>
        </test-method> <!-- springTestContextAfterTestMethod -->
        <test-method is-config="true" signature="springTestContextBeforeTestMethod(java.lang.reflect.Method)[pri:0, instance:com.neulogic.sendit.MyApiControllerTest@60129b9a]" started-at="2020-05-03T21:15:51Z" name="springTestContextBeforeTestMethod" finished-at="2020-05-03T21:15:51Z" duration-ms="1" status="PASS">
          <params>
            <param index="0">
              <value>
                <![CDATA[public void com.neulogic.sendit.MyApiControllerTest.cannot_CancelAParcelOrderMarked_DELIVERED_Test()]]>
              </value>
            </param>
          </params>
          <reporter-output>
          </reporter-output>
        </test-method> <!-- springTestContextBeforeTestMethod -->
        <test-method signature="cannot_CancelAParcelOrderMarked_DELIVERED_Test()[pri:8, instance:com.neulogic.sendit.MyApiControllerTest@60129b9a]" started-at="2020-05-03T21:15:51Z" name="cannot_CancelAParcelOrderMarked_DELIVERED_Test" finished-at="2020-05-03T21:15:51Z" duration-ms="91" status="PASS">
          <reporter-output>
          </reporter-output>
        </test-method> <!-- cannot_CancelAParcelOrderMarked_DELIVERED_Test -->
        <test-method is-config="true" signature="springTestContextAfterTestMethod(java.lang.reflect.Method)[pri:0, instance:com.neulogic.sendit.MyApiControllerTest@60129b9a]" started-at="2020-05-03T21:15:51Z" name="springTestContextAfterTestMethod" finished-at="2020-05-03T21:15:51Z" duration-ms="0" status="PASS">
          <params>
            <param index="0">
              <value>
                <![CDATA[public void com.neulogic.sendit.MyApiControllerTest.cannot_CancelAParcelOrderMarked_DELIVERED_Test()]]>
              </value>
            </param>
          </params>
          <reporter-output>
          </reporter-output>
        </test-method> <!-- springTestContextAfterTestMethod -->
        <test-method signature="onlyCreatorOfParcelOrder_canCancellOrderTest()[pri:9, instance:com.neulogic.sendit.MyApiControllerTest@60129b9a]" started-at="2020-05-03T21:15:51Z" name="onlyCreatorOfParcelOrder_canCancellOrderTest" finished-at="2020-05-03T21:15:51Z" duration-ms="122" status="PASS">
          <reporter-output>
          </reporter-output>
        </test-method> <!-- onlyCreatorOfParcelOrder_canCancellOrderTest -->
        <test-method is-config="true" signature="springTestContextBeforeTestMethod(java.lang.reflect.Method)[pri:0, instance:com.neulogic.sendit.MyApiControllerTest@60129b9a]" started-at="2020-05-03T21:15:51Z" name="springTestContextBeforeTestMethod" finished-at="2020-05-03T21:15:51Z" duration-ms="0" status="PASS">
          <params>
            <param index="0">
              <value>
                <![CDATA[public void com.neulogic.sendit.MyApiControllerTest.onlyCreatorOfParcelOrder_canCancellOrderTest()]]>
              </value>
            </param>
          </params>
          <reporter-output>
          </reporter-output>
        </test-method> <!-- springTestContextBeforeTestMethod -->
        <test-method is-config="true" signature="springTestContextAfterTestMethod(java.lang.reflect.Method)[pri:0, instance:com.neulogic.sendit.MyApiControllerTest@60129b9a]" started-at="2020-05-03T21:15:51Z" name="springTestContextAfterTestMethod" finished-at="2020-05-03T21:15:51Z" duration-ms="0" status="PASS">
          <params>
            <param index="0">
              <value>
                <![CDATA[public void com.neulogic.sendit.MyApiControllerTest.onlyCreatorOfParcelOrder_canCancellOrderTest()]]>
              </value>
            </param>
          </params>
          <reporter-output>
          </reporter-output>
        </test-method> <!-- springTestContextAfterTestMethod -->
        <test-method is-config="true" signature="springTestContextBeforeTestMethod(java.lang.reflect.Method)[pri:0, instance:com.neulogic.sendit.MyApiControllerTest@60129b9a]" started-at="2020-05-03T21:15:51Z" name="springTestContextBeforeTestMethod" finished-at="2020-05-03T21:15:51Z" duration-ms="0" status="PASS">
          <params>
            <param index="0">
              <value>
                <![CDATA[public void com.neulogic.sendit.MyApiControllerTest.changeParcelPresentLocationTest()]]>
              </value>
            </param>
          </params>
          <reporter-output>
          </reporter-output>
        </test-method> <!-- springTestContextBeforeTestMethod -->
        <test-method signature="changeParcelPresentLocationTest()[pri:10, instance:com.neulogic.sendit.MyApiControllerTest@60129b9a]" started-at="2020-05-03T21:15:51Z" name="changeParcelPresentLocationTest" finished-at="2020-05-03T21:15:51Z" duration-ms="86" status="PASS">
          <reporter-output>
          </reporter-output>
        </test-method> <!-- changeParcelPresentLocationTest -->
        <test-method is-config="true" signature="springTestContextAfterTestMethod(java.lang.reflect.Method)[pri:0, instance:com.neulogic.sendit.MyApiControllerTest@60129b9a]" started-at="2020-05-03T21:15:51Z" name="springTestContextAfterTestMethod" finished-at="2020-05-03T21:15:51Z" duration-ms="1" status="PASS">
          <params>
            <param index="0">
              <value>
                <![CDATA[public void com.neulogic.sendit.MyApiControllerTest.changeParcelPresentLocationTest()]]>
              </value>
            </param>
          </params>
          <reporter-output>
          </reporter-output>
        </test-method> <!-- springTestContextAfterTestMethod -->
        <test-method is-config="true" signature="springTestContextAfterTestClass()[pri:0, instance:com.neulogic.sendit.MyApiControllerTest@60129b9a]" started-at="2020-05-03T21:15:51Z" name="springTestContextAfterTestClass" finished-at="2020-05-03T21:15:51Z" duration-ms="3" status="PASS">
          <reporter-output>
          </reporter-output>
        </test-method> <!-- springTestContextAfterTestClass -->
      </class> <!-- com.neulogic.sendit.MyApiControllerTest -->
    </test> <!-- Default test -->
  </suite> <!-- Default suite -->
</testng-results>
